# JRE version: OpenJDK Runtime Environment (8.0_412-b08) (build 1.8.0_412-b08)
# Java VM: OpenJDK 64-Bit Server VM (25.412-b08 mixed mode linux-amd64 compressed oops)
Heap:
 PSYoungGen      total 965120K, used 21369K [0x0000000719780000, 0x0000000777f80000, 0x00000007c0000000)
  eden space 961024K, 2% used [0x0000000719780000,0x000000071ac5e6f0,0x0000000754200000)
  from space 4096K, 0% used [0x0000000777880000,0x0000000777880000,0x0000000777c80000)
  to   space 3072K, 0% used [0x0000000777c80000,0x0000000777c80000,0x0000000777f80000)
 ParOldGen       total 484352K, used 182473K [0x00000005cc600000, 0x00000005e9f00000, 0x0000000719780000)
  object space 484352K, 37% used [0x00000005cc600000,0x00000005d78326b8,0x00000005e9f00000)
 Metaspace       used 68269K, capacity 69669K, committed 69720K, reserved 1110016K
  class space    used 8257K, capacity 8550K, committed 8576K, reserved 1048576K
GC Heap History (10 events):
Event: 539.289 GC heap before
{Heap before GC invocations=874 (full 8):
 PSYoungGen      total 923648K, used 921600K [0x0000000719780000, 0x0000000778380000, 0x00000007c0000000)
  eden space 921088K, 100% used [0x0000000719780000,0x0000000751b00000,0x0000000751b00000)
  from space 2560K, 20% used [0x0000000777e80000,0x0000000777f00000,0x0000000778100000)
  to   space 2560K, 0% used [0x0000000778100000,0x0000000778100000,0x0000000778380000)
 ParOldGen       total 484352K, used 224904K [0x00000005cc600000, 0x00000005e9f00000, 0x0000000719780000)
  object space 484352K, 46% used [0x00000005cc600000,0x00000005da1a2230,0x00000005e9f00000)
 Metaspace       used 68200K, capacity 69521K, committed 69720K, reserved 1110016K
  class space    used 8250K, capacity 8544K, committed 8576K, reserved 1048576K
Event: 539.290 GC heap after
Heap after GC invocations=874 (full 8):
 PSYoungGen      total 934912K, used 480K [0x0000000719780000, 0x0000000778180000, 0x00000007c0000000)
  eden space 934400K, 0% used [0x0000000719780000,0x0000000719780000,0x0000000752800000)
  from space 512K, 93% used [0x0000000778100000,0x0000000778178000,0x0000000778180000)
  to   space 2560K, 0% used [0x0000000777c80000,0x0000000777c80000,0x0000000777f00000)
 ParOldGen       total 484352K, used 224944K [0x00000005cc600000, 0x00000005e9f00000, 0x0000000719780000)
  object space 484352K, 46% used [0x00000005cc600000,0x00000005da1ac230,0x00000005e9f00000)
 Metaspace       used 68200K, capacity 69521K, committed 69720K, reserved 1110016K
  class space    used 8250K, capacity 8544K, committed 8576K, reserved 1048576K
}
Event: 540.740 GC heap before
{Heap before GC invocations=875 (full 8):
 PSYoungGen      total 934912K, used 934880K [0x0000000719780000, 0x0000000778180000, 0x00000007c0000000)
  eden space 934400K, 100% used [0x0000000719780000,0x0000000752800000,0x0000000752800000)
  from space 512K, 93% used [0x0000000778100000,0x0000000778178000,0x0000000778180000)
  to   space 2560K, 0% used [0x0000000777c80000,0x0000000777c80000,0x0000000777f00000)
 ParOldGen       total 484352K, used 224944K [0x00000005cc600000, 0x00000005e9f00000, 0x0000000719780000)
  object space 484352K, 46% used [0x00000005cc600000,0x00000005da1ac230,0x00000005e9f00000)
 Metaspace       used 68200K, capacity 69521K, committed 69720K, reserved 1110016K
  class space    used 8250K, capacity 8544K, committed 8576K, reserved 1048576K
Event: 540.742 GC heap after
Heap after GC invocations=875 (full 8):
 PSYoungGen      total 950272K, used 448K [0x0000000719780000, 0x0000000778180000, 0x00000007c0000000)
  eden space 947712K, 0% used [0x0000000719780000,0x0000000719780000,0x0000000753500000)
  from space 2560K, 17% used [0x0000000777c80000,0x0000000777cf0000,0x0000000777f00000)
  to   space 2560K, 0% used [0x0000000777f00000,0x0000000777f00000,0x0000000778180000)
 ParOldGen       total 484352K, used 224960K [0x00000005cc600000, 0x00000005e9f00000, 0x0000000719780000)
  object space 484352K, 46% used [0x00000005cc600000,0x00000005da1b0230,0x00000005e9f00000)
 Metaspace       used 68200K, capacity 69521K, committed 69720K, reserved 1110016K
  class space    used 8250K, capacity 8544K, committed 8576K, reserved 1048576K
}
Event: 542.595 GC heap before
{Heap before GC invocations=876 (full 8):
 PSYoungGen      total 950272K, used 948160K [0x0000000719780000, 0x0000000778180000, 0x00000007c0000000)
  eden space 947712K, 100% used [0x0000000719780000,0x0000000753500000,0x0000000753500000)
  from space 2560K, 17% used [0x0000000777c80000,0x0000000777cf0000,0x0000000777f00000)
  to   space 2560K, 0% used [0x0000000777f00000,0x0000000777f00000,0x0000000778180000)
 ParOldGen       total 484352K, used 224960K [0x00000005cc600000, 0x00000005e9f00000, 0x0000000719780000)
  object space 484352K, 46% used [0x00000005cc600000,0x00000005da1b0230,0x00000005e9f00000)
 Metaspace       used 68220K, capacity 69597K, committed 69720K, reserved 1110016K
  class space    used 8251K, capacity 8546K, committed 8576K, reserved 1048576K
Event: 542.598 GC heap after
Heap after GC invocations=876 (full 8):
 PSYoungGen      total 963584K, used 2560K [0x0000000719780000, 0x0000000778180000, 0x00000007c0000000)
  eden space 961024K, 0% used [0x0000000719780000,0x0000000719780000,0x0000000754200000)
  from space 2560K, 100% used [0x0000000777f00000,0x0000000778180000,0x0000000778180000)
  to   space 4608K, 0% used [0x0000000777880000,0x0000000777880000,0x0000000777d00000)
 ParOldGen       total 484352K, used 229189K [0x00000005cc600000, 0x00000005e9f00000, 0x0000000719780000)
  object space 484352K, 47% used [0x00000005cc600000,0x00000005da5d1560,0x00000005e9f00000)
 Metaspace       used 68220K, capacity 69597K, committed 69720K, reserved 1110016K
  class space    used 8251K, capacity 8546K, committed 8576K, reserved 1048576K
}
Event: 543.052 GC heap before
{Heap before GC invocations=877 (full 8):
 PSYoungGen      total 963584K, used 163475K [0x0000000719780000, 0x0000000778180000, 0x00000007c0000000)
  eden space 961024K, 16% used [0x0000000719780000,0x00000007234a4ff0,0x0000000754200000)
  from space 2560K, 100% used [0x0000000777f00000,0x0000000778180000,0x0000000778180000)
  to   space 4608K, 0% used [0x0000000777880000,0x0000000777880000,0x0000000777d00000)
 ParOldGen       total 484352K, used 229189K [0x00000005cc600000, 0x00000005e9f00000, 0x0000000719780000)
  object space 484352K, 47% used [0x00000005cc600000,0x00000005da5d1560,0x00000005e9f00000)
 Metaspace       used 68263K, capacity 69669K, committed 69720K, reserved 1110016K
  class space    used 8257K, capacity 8550K, committed 8576K, reserved 1048576K
Event: 543.057 GC heap after
Heap after GC invocations=877 (full 8):
 PSYoungGen      total 965120K, used 3807K [0x0000000719780000, 0x0000000777f80000, 0x00000007c0000000)
  eden space 961024K, 0% used [0x0000000719780000,0x0000000719780000,0x0000000754200000)
  from space 4096K, 92% used [0x0000000777880000,0x0000000777c37dc0,0x0000000777c80000)
  to   space 3072K, 0% used [0x0000000777c80000,0x0000000777c80000,0x0000000777f80000)
 ParOldGen       total 484352K, used 229248K [0x00000005cc600000, 0x00000005e9f00000, 0x0000000719780000)
  object space 484352K, 47% used [0x00000005cc600000,0x00000005da5e0050,0x00000005e9f00000)
 Metaspace       used 68263K, capacity 69669K, committed 69720K, reserved 1110016K
  class space    used 8257K, capacity 8550K, committed 8576K, reserved 1048576K
}
Event: 543.057 GC heap before
{Heap before GC invocations=878 (full 9):
 PSYoungGen      total 965120K, used 3807K [0x0000000719780000, 0x0000000777f80000, 0x00000007c0000000)
  eden space 961024K, 0% used [0x0000000719780000,0x0000000719780000,0x0000000754200000)
  from space 4096K, 92% used [0x0000000777880000,0x0000000777c37dc0,0x0000000777c80000)
  to   space 3072K, 0% used [0x0000000777c80000,0x0000000777c80000,0x0000000777f80000)
 ParOldGen       total 484352K, used 229248K [0x00000005cc600000, 0x00000005e9f00000, 0x0000000719780000)
  object space 484352K, 47% used [0x00000005cc600000,0x00000005da5e0050,0x00000005e9f00000)
 Metaspace       used 68263K, capacity 69669K, committed 69720K, reserved 1110016K
  class space    used 8257K, capacity 8550K, committed 8576K, reserved 1048576K
Event: 543.244 GC heap after
Heap after GC invocations=878 (full 9):
 PSYoungGen      total 965120K, used 0K [0x0000000719780000, 0x0000000777f80000, 0x00000007c0000000)
  eden space 961024K, 0% used [0x0000000719780000,0x0000000719780000,0x0000000754200000)
  from space 4096K, 0% used [0x0000000777880000,0x0000000777880000,0x0000000777c80000)
  to   space 3072K, 0% used [0x0000000777c80000,0x0000000777c80000,0x0000000777f80000)
 ParOldGen       total 484352K, used 182473K [0x00000005cc600000, 0x00000005e9f00000, 0x0000000719780000)
  object space 484352K, 37% used [0x00000005cc600000,0x00000005d78326b8,0x00000005e9f00000)
 Metaspace       used 68263K, capacity 69669K, committed 69720K, reserved 1110016K
  class space    used 8257K, capacity 8550K, committed 8576K, reserved 1048576K
}

